<?xml version="1.0" encoding="UTF-8"?>
<!-- Generated by org.testng.reporters.JUnitReportReporter -->
<testsuite skipped="0" hostname="USBLRPKATARIAS2" name="com.ilab.automation.LoginTest" tests="1" failures="0" timestamp="03 Nov 2018 16:07:20 GMT" time="43.506" errors="0">
  <testcase name="loginpage_test" time="43.506" classname="com.ilab.automation.LoginTest"/>
</testsuite> <!-- com.ilab.automation.LoginTest -->
